<?xml version="1.0" encoding="UTF-8"?>
<testsuite name="com.example.post.service.UserServiceTest" tests="2" skipped="0" failures="0" errors="0" timestamp="2023-04-25T05:24:22" hostname="DESKTOP-T3AD2HT" time="0.014">
  <properties/>
  <testcase name="signup()" classname="com.example.post.service.UserServiceTest" time="0.013"/>
  <testcase name="login()" classname="com.example.post.service.UserServiceTest" time="0.0"/>
  <system-out><![CDATA[]]></system-out>
  <system-err><![CDATA[]]></system-err>
</testsuite>
